<?xml version="1.0" encoding="UTF-8"?>
<!-- Generated by org.testng.reporters.JUnitReportReporter -->
<testsuite skipped="0" hostname="SWAPNILKAMBLE" name="com.qa.hubspot.tests.ContactPageTest" tests="1" failures="0" timestamp="28 May 2020 06:55:55 GMT" time="2.088" errors="0">
  <testcase name="createContactTest" time="2.088" classname="com.qa.hubspot.tests.ContactPageTest"/>
</testsuite> <!-- com.qa.hubspot.tests.ContactPageTest -->
